0 info it worked if it ends with ok
1 verbose cli [ '/usr/local/google/home/jcgregorio/bin/node',
1 verbose cli   '/usr/local/google/home/jcgregorio/bin/npm',
1 verbose cli   'install' ]
2 info using npm@2.14.3
3 info using node@v4.0.0
4 verbose readDependencies loading dependencies from /usr/local/google/home/jcgregorio/projects/golib/src/go.skia.org/infra/debugger/package.json
5 error install Couldn't read dependencies
6 verbose stack Error: Failed to parse json
6 verbose stack Trailing comma in object at 21:3
6 verbose stack   }
6 verbose stack   ^
6 verbose stack     at parseError (/usr/local/google/home/jcgregorio/lib/node_modules/npm/node_modules/read-package-json/read-json.js:379:11)
6 verbose stack     at parseJson (/usr/local/google/home/jcgregorio/lib/node_modules/npm/node_modules/read-package-json/read-json.js:68:23)
6 verbose stack     at /usr/local/google/home/jcgregorio/lib/node_modules/npm/node_modules/read-package-json/read-json.js:48:5
6 verbose stack     at FSReqWrap.readFileAfterClose [as oncomplete] (evalmachine.<anonymous>:380:3)
7 verbose cwd /usr/local/google/home/jcgregorio/projects/golib/src/go.skia.org/infra/debugger
8 error Linux 3.13.0-101-generic
9 error argv "/usr/local/google/home/jcgregorio/bin/node" "/usr/local/google/home/jcgregorio/bin/npm" "install"
10 error node v4.0.0
11 error npm  v2.14.3
12 error file /usr/local/google/home/jcgregorio/projects/golib/src/go.skia.org/infra/debugger/package.json
13 error code EJSONPARSE
14 error Failed to parse json
14 error Trailing comma in object at 21:3
14 error   }
14 error   ^
15 error File: /usr/local/google/home/jcgregorio/projects/golib/src/go.skia.org/infra/debugger/package.json
16 error Failed to parse package.json data.
16 error package.json must be actual JSON, not just JavaScript.
16 error
16 error This is not a bug in npm.
16 error Tell the package author to fix their package.json file. JSON.parse
17 verbose exit [ 1, true ]
